<?xml version="1.0" encoding="UTF-8"?>
<!-- Generated by org.testng.reporters.JUnitReportReporter -->
<testsuite skipped="0" hostname="hp" name="com.qa.TestCases.TestRunUnit" tests="4" failures="0" timestamp="2021-01-04T18:43:08 IST" time="86.843" errors="0">
  <testcase name="rundriverConfig" time="7.256" classname="com.qa.TestCases.TestRunUnit"/>
  <system-out/>
  <testcase name="runHtmlElements" time="4.689" classname="com.qa.TestCases.TestRunUnit"/>
  <system-out/>
  <testcase name="runHtmlAdvElements" time="41.984" classname="com.qa.TestCases.TestRunUnit"/>
  <system-out/>
  <testcase name="runCanvas" time="32.914" classname="com.qa.TestCases.TestRunUnit"/>
  <system-out/>
</testsuite> <!-- com.qa.TestCases.TestRunUnit -->
