<?xml version="1.0" encoding="UTF-8"?>
<!-- Generated by org.testng.reporters.JUnitReportReporter -->
<testsuite skipped="0" hostname="hp" name="com.qa.TestCases.TestRunRegression" tests="3" failures="0" timestamp="2021-01-07T16:08:55 IST" time="172.227" errors="0">
  <testcase name="verifybrokenLinks" time="63.805" classname="com.qa.TestCases.TestRunRegression"/>
  <system-out/>
  <testcase name="verifyCredentialsDependency" time="92.679" classname="com.qa.TestCases.TestRunRegression"/>
  <system-out/>
  <testcase name="verifyCredentialsValidation" time="15.743" classname="com.qa.TestCases.TestRunRegression"/>
  <system-out/>
</testsuite> <!-- com.qa.TestCases.TestRunRegression -->
