<?xml version="1.0" encoding="UTF-8"?>
<!-- Generated by org.testng.reporters.JUnitReportReporter -->
<testsuite skipped="0" hostname="hp" name="com.qa.TestCases.TestRunUnit" tests="5" failures="0" timestamp="2021-01-07T17:04:20 IST" time="71.374" errors="0">
  <testcase name="rundriverConfig" time="12.394" classname="com.qa.TestCases.TestRunUnit"/>
  <system-out/>
  <testcase name="runSelectInitialPage" time="1.235" classname="com.qa.TestCases.TestRunUnit"/>
  <system-out/>
  <testcase name="runUnitTestPage1Ele" time="2.908" classname="com.qa.TestCases.TestRunUnit"/>
  <system-out/>
  <testcase name="runUnitTestPage2Ele" time="25.847" classname="com.qa.TestCases.TestRunUnit"/>
  <system-out/>
  <testcase name="runCanvas" time="28.990" classname="com.qa.TestCases.TestRunUnit"/>
  <system-out/>
</testsuite> <!-- com.qa.TestCases.TestRunUnit -->
