<?xml version="1.0" encoding="UTF-8"?>
<!-- Generated by org.testng.reporters.JUnitReportReporter -->
<testsuite skipped="2" hostname="hp" name="com.qa.TestCases.TestRun" tests="7" failures="0" timestamp="2021-01-01T20:02:05 IST" time="114.077" errors="0">
  <testcase name="rundriverConfig" time="9.217" classname="com.qa.TestCases.TestRun"/>
  <system-out/>
  <testcase name="runHomePage" time="1.461" classname="com.qa.TestCases.TestRun"/>
  <system-out/>
  <testcase name="RunTestcases" time="64.931" classname="com.qa.TestCases.TestRun"/>
  <system-out/>
  <testcase name="runTestCases2" time="36.132" classname="com.qa.TestCases.TestRun"/>
  <system-out/>
  <testcase name="runCanvas" time="2.336" classname="com.qa.TestCases.TestRun"/>
  <system-out/>
  <testcase name="runHtmlAdvElements" classname="com.qa.TestCases.TestRun">
    <skipped/>
  </testcase> <!-- runHtmlAdvElements -->
  <system-out/>
  <testcase name="runHtmlElements" classname="com.qa.TestCases.TestRun">
    <skipped/>
  </testcase> <!-- runHtmlElements -->
  <system-out/>
</testsuite> <!-- com.qa.TestCases.TestRun -->
