<?xml version="1.0" encoding="UTF-8"?>
<!-- Generated by org.testng.reporters.JUnitReportReporter -->
<testsuite hostname="BDC14-L-151FN8H" failures="0" tests="4" name="com.qa.testcases.ModuleHomePageTest" time="9.101" errors="0" timestamp="2024-05-06T17:13:50 IST" skipped="0">
  <testcase classname="com.qa.testcases.ModuleHomePageTest" name="rundriverConfig" time="7.811"/>
  <system-out/>
  <testcase classname="com.qa.testcases.ModuleHomePageTest" name="runSelectInitialPage" time="0.673"/>
  <system-out/>
  <testcase classname="com.qa.testcases.ModuleHomePageTest" name="runSelectInitialPage" time="0.248"/>
  <system-out/>
  <testcase classname="com.qa.testcases.ModuleHomePageTest" name="runSelectInitialPage" time="0.369"/>
  <system-out/>
</testsuite> <!-- com.qa.testcases.ModuleHomePageTest -->
