<?xml version="1.0" encoding="UTF-8"?>
<!-- Generated by org.testng.reporters.JUnitReportReporter -->
<testsuite skipped="0" hostname="hp" name="com.qa.TestCases.TestRunFunctional" tests="5" failures="0" timestamp="2021-01-05T23:25:33 IST" time="34.694" errors="0">
  <testcase name="rundriverConfig" time="6.576" classname="com.qa.TestCases.TestRunFunctional"/>
  <system-out/>
  <testcase name="runHomePage" time="0.619" classname="com.qa.TestCases.TestRunFunctional"/>
  <system-out/>
  <testcase name="RunPage1Testcases" time="10.869" classname="com.qa.TestCases.TestRunFunctional"/>
  <system-out/>
  <testcase name="runPage2TestCases" time="13.460" classname="com.qa.TestCases.TestRunFunctional"/>
  <system-out/>
  <testcase name="runCanvas" time="3.170" classname="com.qa.TestCases.TestRunFunctional"/>
  <system-out/>
</testsuite> <!-- com.qa.TestCases.TestRunFunctional -->
