<?xml version="1.0" encoding="UTF-8"?>
<!-- Generated by org.testng.reporters.JUnitReportReporter -->
<testsuite skipped="0" hostname="hp" name="com.qa.TestCases.TestRunFunctional" tests="5" failures="0" timestamp="2021-01-05T11:03:45 IST" time="84.863" errors="0">
  <testcase name="rundriverConfig" time="19.844" classname="com.qa.TestCases.TestRunFunctional"/>
  <system-out/>
  <testcase name="runHomePage" time="1.481" classname="com.qa.TestCases.TestRunFunctional"/>
  <system-out/>
  <testcase name="RunPage1Testcases" time="30.981" classname="com.qa.TestCases.TestRunFunctional"/>
  <system-out/>
  <testcase name="runPage2TestCases" time="29.057" classname="com.qa.TestCases.TestRunFunctional"/>
  <system-out/>
  <testcase name="runCanvas" time="3.500" classname="com.qa.TestCases.TestRunFunctional"/>
  <system-out/>
</testsuite> <!-- com.qa.TestCases.TestRunFunctional -->
