<?xml version="1.0" encoding="UTF-8"?>
<!-- Generated by org.testng.reporters.JUnitReportReporter -->
<testsuite skipped="0" hostname="hp" name="com.qa.TestCases.TestRunIntegration" tests="5" failures="0" timestamp="2021-01-07T17:04:20 IST" time="34.448" errors="0">
  <testcase name="rundriverConfig" time="9.928" classname="com.qa.TestCases.TestRunIntegration"/>
  <system-out/>
  <testcase name="runHomePage" time="1.041" classname="com.qa.TestCases.TestRunIntegration"/>
  <system-out/>
  <testcase name="runIntegrationTestPage1Ele" time="4.239" classname="com.qa.TestCases.TestRunIntegration"/>
  <system-out/>
  <testcase name="runIntegrationTestPage2Ele" time="16.402" classname="com.qa.TestCases.TestRunIntegration"/>
  <system-out/>
  <testcase name="runCanvas" time="2.838" classname="com.qa.TestCases.TestRunIntegration"/>
  <system-out/>
</testsuite> <!-- com.qa.TestCases.TestRunIntegration -->
