<?xml version="1.0" encoding="UTF-8"?>
<!-- Generated by org.testng.reporters.JUnitReportReporter -->
<testsuite skipped="0" hostname="hp" name="com.qa.TestCases.TestRunConfirmation" tests="3" failures="0" timestamp="2021-01-07T16:40:39 IST" time="122.466" errors="0">
  <testcase name="verifyCredentialsValidation" time="30.805" classname="com.qa.TestCases.TestRunConfirmation"/>
  <system-out/>
  <testcase name="verifyCredentialsDependency" time="24.185" classname="com.qa.TestCases.TestRunConfirmation"/>
  <system-out/>
  <testcase name="verifybrokenLinks" time="67.476" classname="com.qa.TestCases.TestRunConfirmation"/>
  <system-out/>
</testsuite> <!-- com.qa.TestCases.TestRunConfirmation -->
