<?xml version="1.0" encoding="UTF-8"?>
<!-- Generated by org.testng.reporters.JUnitReportReporter -->
<testsuite skipped="0" hostname="hp" name="com.qa.TestCases.DumpTest" tests="1" failures="0" timestamp="2021-01-07T12:22:50 IST" time="0.024" errors="0">
  <testcase name="test" time="0.024" classname="com.qa.TestCases.DumpTest"/>
  <system-out/>
</testsuite> <!-- com.qa.TestCases.DumpTest -->
