<?xml version="1.0" encoding="UTF-8"?>
<!-- Generated by org.testng.reporters.JUnitReportReporter -->
<testsuite skipped="0" hostname="hp" name="com.qa.TestCases.TestRunFunctional" tests="5" failures="0" timestamp="2021-01-07T17:04:20 IST" time="60.591" errors="0">
  <testcase name="rundriverConfig" time="9.993" classname="com.qa.TestCases.TestRunFunctional"/>
  <system-out/>
  <testcase name="runHomePage" time="1.970" classname="com.qa.TestCases.TestRunFunctional"/>
  <system-out/>
  <testcase name="RunPage1Testcases" time="16.714" classname="com.qa.TestCases.TestRunFunctional"/>
  <system-out/>
  <testcase name="runPage2TestCases" time="28.934" classname="com.qa.TestCases.TestRunFunctional"/>
  <system-out/>
  <testcase name="runCanvas" time="2.980" classname="com.qa.TestCases.TestRunFunctional"/>
  <system-out/>
</testsuite> <!-- com.qa.TestCases.TestRunFunctional -->
