<?xml version="1.0" encoding="UTF-8"?>
<!-- Generated by org.testng.reporters.JUnitReportReporter -->
<testsuite skipped="0" hostname="hp" name="com.qa.TestCases.TestRunIntergration" tests="5" failures="0" timestamp="2021-01-04T18:47:30 IST" time="37.616" errors="0">
  <testcase name="rundriverConfig" time="10.422" classname="com.qa.TestCases.TestRunIntergration"/>
  <system-out/>
  <testcase name="runHomePage" time="1.011" classname="com.qa.TestCases.TestRunIntergration"/>
  <system-out/>
  <testcase name="runHtmlElements" time="1.975" classname="com.qa.TestCases.TestRunIntergration"/>
  <system-out/>
  <testcase name="runHtmlAdvElements" time="20.999" classname="com.qa.TestCases.TestRunIntergration"/>
  <system-out/>
  <testcase name="runCanvas" time="3.209" classname="com.qa.TestCases.TestRunIntergration"/>
  <system-out/>
</testsuite> <!-- com.qa.TestCases.TestRunIntergration -->
