<?xml version="1.0" encoding="UTF-8"?>
<!-- Generated by org.testng.reporters.JUnitReportReporter -->
<testsuite hostname="BDC14-L-151FN8H" failures="0" tests="1" name="com.test.runner.A2ARunnerTest" time="21.354" errors="0" timestamp="2024-04-08T23:53:23 IST" skipped="0">
  <testcase classname="com.test.runner.A2ARunnerTest" name="runScenario" time="21.354"/>
  <system-out/>
</testsuite> <!-- com.test.runner.A2ARunnerTest -->
